[21:46:12] [Server thread/INFO]: Starting minecraft server version 1.7.2
[21:46:26] [Server thread/INFO]: Loading properties
[21:46:26] [Server thread/WARN]: server.properties does not exist
[21:46:26] [Server thread/INFO]: Generating new properties file
[21:46:27] [Server thread/INFO]: Default game type: SURVIVAL
[21:46:27] [Server thread/INFO]: Generating keypair
[21:46:27] [Server thread/INFO]: Starting Minecraft server on *:25565
[21:46:29] [Server thread/WARN]: Failed to load operators list: java.io.FileNotFoundException: .\ops.txt (指定されたファイルが見つかりません。)
[21:46:29] [Server thread/WARN]: Failed to load white-list: java.io.FileNotFoundException: .\white-list.txt (指定されたファイルが見つかりません。)
[21:46:29] [Server thread/INFO]: Preparing level "world"
[21:46:31] [Server thread/INFO]: Preparing start region for level 0
[21:46:32] [Server thread/INFO]: Preparing spawn area: 3%
[21:46:33] [Server thread/INFO]: Preparing spawn area: 5%
[21:46:34] [Server thread/INFO]: Preparing spawn area: 8%
[21:46:35] [Server thread/INFO]: Preparing spawn area: 10%
[21:46:36] [Server thread/INFO]: Preparing spawn area: 13%
[21:46:37] [Server thread/INFO]: Preparing spawn area: 18%
[21:46:38] [Server thread/INFO]: Preparing spawn area: 22%
[21:46:39] [Server thread/INFO]: Preparing spawn area: 26%
[21:46:40] [Server thread/INFO]: Preparing spawn area: 31%
[21:46:41] [Server thread/INFO]: Preparing spawn area: 35%
[21:46:42] [Server thread/INFO]: Preparing spawn area: 39%
[21:46:43] [Server thread/INFO]: Preparing spawn area: 43%
[21:46:44] [Server thread/INFO]: Preparing spawn area: 47%
[21:46:45] [Server thread/INFO]: Preparing spawn area: 51%
[21:46:46] [Server thread/INFO]: Preparing spawn area: 55%
[21:46:47] [Server thread/INFO]: Preparing spawn area: 59%
[21:46:49] [Server thread/INFO]: Preparing spawn area: 63%
[21:46:50] [Server thread/INFO]: Preparing spawn area: 66%
[21:46:51] [Server thread/INFO]: Preparing spawn area: 70%
[21:46:52] [Server thread/INFO]: Preparing spawn area: 72%
[21:46:53] [Server thread/INFO]: Preparing spawn area: 76%
[21:46:54] [Server thread/INFO]: Preparing spawn area: 79%
[21:46:55] [Server thread/INFO]: Preparing spawn area: 81%
[21:46:56] [Server thread/INFO]: Preparing spawn area: 85%
[21:46:57] [Server thread/INFO]: Preparing spawn area: 86%
[21:46:58] [Server thread/INFO]: Preparing spawn area: 89%
[21:46:59] [Server thread/INFO]: Preparing spawn area: 92%
[21:47:00] [Server thread/INFO]: Preparing spawn area: 95%
[21:47:01] [Server thread/INFO]: Preparing spawn area: 98%
[21:47:02] [Server thread/INFO]: Done (32.909s)! For help, type "help" or "?"
[21:47:05] [Server thread/WARN]: Can't keep up! Did the system time change, or is the server overloaded? Running 2194ms behind, skipping 43 tick(s)
[21:47:46] [Server thread/WARN]: Can't keep up! Did the system time change, or is the server overloaded? Ru[21:47:55] [Client thread/INFO]: Reloading[21:48:18] [Server thread/INFO]: GameProfile{id='null', name='ForgeDevName'} (/127.0.0.1:59985) lost connection: Disconnected
[21:48:42] [Server thread/INFO]: GameProfile{id='null', name='ForgeDevName'} (/127.0.0.1:59997) lost connection: Disconnected
[21:49:09] [Server thread/INFO]: Stopping the server
[21:49:09] [Server thread/INFO]: Stopping server
[21:49:09] [Server thread/INFO]: Saving players
[21:49:09] [Server thread/INFO]: Saving worlds
[21:49:09] [Server thread/INFO]: Saving chunks for level 'world'/Overworld
[21:49:09] [Server thread/INFO]: Saving chunks for level 'world'/Nether
[21:49:09] [Server thread/INFO]: Saving chunks for level 'world'/The End
rce(SimpleReloadableResourceManager.java:67) ~[SimpleReloadableResourceManager.class:?]
	at net.minecraft.client.renderer.texture.TextureMap.loadTextureAtlas(TextureMap.java:126) [TextureMap.class:?]
	at net.minecraft.client.renderer.texture.TextureMap.loadTexture(TextureMap.java:91) [TextureMap.class:?]
	at net.minecraft.client.renderer.texture.TextureManager.loadTexture(TextureManager.java:89) [TextureManager.class:?]
	at net.minecraft.client.renderer.texture.TextureManager.loadTickableTexture(TextureManager.java:71) [TextureManager.class:?]
	at net.minecraft.client.renderer.texture.TextureManager.loadTextureMap(TextureManager.java:58) [TextureManager.class:?]
	at net.minecraft.client.Minecraft.startGame(Minecraft.java:580) [Minecraft.class:?]
	at net.minecraft.client.Minecraft.run(Minecraft.java:890) [Minecraft.class:?]
	at net.minecraft.client.main.Main.main(Main.java:112) [Main.class:?]
	at sun.reflect.NativeMethodAccessorImpl.invoke0(Native Method) ~[?:1.7.0_45]
	at sun.reflect.NativeMethodAccessorImpl.invoke(NativeMethodAccessorImpl.java:57) ~[?:1.7.0_45]
	at sun.reflect.DelegatingMethodAccessorImpl.invoke(DelegatingMethodAccessorImpl.java:43) ~[?:1.7.0_45]
	at java.lang.reflect.Method.invoke(Method.java:606) ~[?:1.7.0_45]
	at net.minecraft.launchwrapper.Launch.launch(Launch.java:134) [launchwrapper-1.9.jar:?]
	at net.minecraft.launchwrapper.Launch.main(Launch.java:28) [launchwrapper-1.9.jar:?]
	at sun.reflect.NativeMethodAccessorImpl.invoke0(Native Method) ~[?:1.7.0_45]
	at sun.reflect.NativeMethodAccessorImpl.invoke(NativeMethodAccessorImpl.java:57) ~[?:1.7.0_45]
	at sun.reflect.DelegatingMethodAccessorImpl.invoke(DelegatingMethodAccessorImpl.java:43) ~[?:1.7.0_45]
	at java.lang.reflect.Method.invoke(Method.java:606) ~[?:1.7.0_45]
	at com.intellij.rt.execution.application.AppMain.main(AppMain.java:120) [idea_rt.jar:?]
[21:48:00] [Client thread/ERROR]: Using missing texture, unable to load kina:textures/items/vibration_sword.png
java.io.FileNotFoundException: kina:textures/items/vibration_sword.png
	at net.minecraft.client.resources.FallbackResourceManager.getResource(FallbackResourceManager.java:65) ~[FallbackResourceManager.class:?]
	at net.minecraft.client.resources.SimpleReloadableResourceManager.getResource(SimpleReloadableResourceManager.java:67) ~[SimpleReloadableResourceManager.class:?]
	at net.minecraft.client.renderer.texture.TextureMap.loadTextureAtlas(TextureMap.java:126) [TextureMap.class:?]
	at net.minecraft.client.renderer.texture.TextureMap.loadTexture(TextureMap.java:91) [TextureMap.class:?]
	at net.minecraft.client.renderer.texture.TextureManager.loadTexture(TextureManager.java:89) [TextureManager.class:?]
	at net.minecraft.client.renderer.texture.TextureManager.loadTickableTexture(TextureManager.java:71) [TextureManager.class:?]
	at net.minecraft.client.renderer.texture.TextureManager.loadTextureMap(TextureManager.java:58) [TextureManager.class:?]
	at net.minecraft.client.Minecraft.startGame(Minecraft.java:580) [Minecraft.class:?]
	at net.minecraft.client.Minecraft.run(Minecraft.java:890) [Minecraft.class:?]
	at net.minecraft.client.main.Main.main(Main.java:112) [Main.class:?]
	at sun.reflect.NativeMethodAccessorImpl.invoke0(Native Method) ~[?:1.7.0_45]
	at sun.reflect.NativeMethodAccessorImpl.invoke(NativeMethodAccessorImpl.java:57) ~[?:1.7.0_45]
	at sun.reflect.DelegatingMethodAccessorImpl.invoke(DelegatingMethodAccessorImpl.java:43) ~[?:1.7.0_45]
	at java.lang.reflect.Method.invoke(Method.java:606) ~[?:1.7.0_45]
	at net.minecraft.launchwrapper.Launch.launch(Launch.java:134) [launchwrapper-1.9.jar:?]
	at net.minecraft.launchwrapper.Launch.main(Launch.java:28) [launchwrapper-1.9.jar:?]
	at sun.reflect.NativeMethodAccessorImpl.invoke0(Native Method) ~[?:1.7.0_45]
	at sun.reflect.NativeMethodAccessorImpl.invoke(NativeMethodAccessorImpl.java:57) ~[?:1.7.0_45]
	at sun.reflect.DelegatingMethodAccessorImpl.invoke(DelegatingMethodAccessorImpl.java:43) ~[?:1.7.0_45]
	at java.lang.reflect.Method.invoke(Method.java:606) ~[?:1.7.0_45]
	at com.intellij.rt.execution.application.AppMain.main(AppMain.java:120) [idea_rt.jar:?]
[21:48:00] [Client thread/ERROR]: Using missing texture, unable to load kina:textures/items/broken_sword.png
java.io.FileNotFoundException: kina:textures/items/broken_sword.png
	at net.minecraft.client.resources.FallbackResourceManager.getResource(FallbackResourceManager.java:65) ~[FallbackResourceManager.class:?]
	at net.minecraft.client.resources.SimpleReloadableResourceManager.getResource(SimpleReloadableResourceManager.java:67) ~[SimpleReloadableResourceManager.class:?]
	at net.minecraft.client.renderer.texture.TextureMap.loadTextureAtlas(TextureMap.java:126) [TextureMap.class:?]
	at net.minecraft.client.renderer.texture.TextureMap.loadTexture(TextureMap.java:91) [TextureMap.class:?]
	at net.minecraft.client.renderer.texture.TextureManager.loadTexture(TextureManager.java:89) [TextureManager.class:?]
	at net.minecraft.client.renderer.texture.TextureManager.loadTickableTexture(TextureManager.java:71) [TextureManager.class:?]
	at net.minecraft.client.renderer.texture.TextureManager.loadTextureMap(TextureManager.java:58) [TextureManager.class:?]
	at net.minecraft.client.Minecraft.startGame(Minecraft.java:580) [Minecraft.class:?]
	at net.minecraft.client.Minecraft.run(Minecraft.java:890) [Minecraft.class:?]
	at net.minecraft.client.main.Main.main(Main.java:112) [Main.class:?]
	at sun.reflect.NativeMethodAccessorImpl.invoke0(Native Method) ~[?:1.7.0_45]
	at sun.reflect.NativeMethodAccessorImpl.invoke(NativeMethodAccessorImpl.java:57) ~[?:1.7.0_45]
	at sun.reflect.DelegatingMethodAccessorImpl.invoke(DelegatingMethodAccessorImpl.java:43) ~[?:1.7.0_45]
	at java.lang.reflect.Method.invoke(Method.java:606) ~[?:1.7.0_45]
	at net.minecraft.launchwrapper.Launch.launch(Launch.java:134) [launchwrapper-1.9.jar:?]
	at net.minecraft.launchwrapper.Launch.main(Launch.java:28) [launchwrapper-1.9.jar:?]
	at sun.reflect.NativeMethodAccessorImpl.invoke0(Native Method) ~[?:1.7.0_45]
	at sun.reflect.NativeMethodAccessorImpl.invoke(NativeMethodAccessorImpl.java:57) ~[?:1.7.0_45]
	at sun.reflect.DelegatingMethodAccessorImpl.invoke(DelegatingMethodAccessorImpl.java:43) ~[?:1.7.0_45]
	at java.lang.reflect.Method.invoke(Method.java:606) ~[?:1.7.0_45]
	at com.intellij.rt.execution.application.AppMain.main(AppMain.java:120) [idea_rt.jar:?]
[21:48:00] [Client thread/INFO]: Created: 256x256 textures/items-atlas
[21:48:00] [Client thread/INFO]: Reloading ResourceManager: Default, FMLFileResourcePack:Forge Mod Loader, FMLFileResourcePack:Minecraft Forge, FMLFileResourcePack:moonlightdetector, FMLFileResourcePack:kina_tsmod
[21:48:01] [Client thread/ERROR]: Using missing texture, unable to load minecraft:textures/items/MISSING_ICON_ITEM_4111_null.png
java.io.FileNotFoundException: minecraft:textures/items/MISSING_ICON_ITEM_4111_null.png
	at net.minecraft.client.resources.FallbackResourceManager.getResource(FallbackResourceManager.java:65) ~[FallbackResourceManager.class:?]
	at net.minecraft.client.resources.SimpleReloadableResourceManager.getResource(SimpleReloadableResourceManager.java:67) ~[SimpleReloadableResourceManager.class:?]
	at net.minecraft.client.renderer.texture.TextureMap.loadTextureAtlas(TextureMap.java:126) [TextureMap.class:?]
	at net.minecraft.client.renderer.texture.TextureMap.loadTexture(TextureMap.java:91) [TextureMap.class:?]
	at net.minecraft.client.renderer.texture.TextureManager.loadTexture(TextureManager.java:89) [TextureManager.class:?]
	at net.minecraft.client.renderer.texture.TextureManager.onResourceManagerReload(TextureManager.java:170) [TextureManager.class:?]
	at net.minecraft.client.resources.SimpleReloadableResourceManager.notifyReloadListeners(SimpleReloadableResourceManager.java:134) [SimpleReloadableResourceManager.class:?]
	at net.minecraft.client.resources.SimpleReloadableResourceManager.reloadResources(SimpleReloadableResourceManager.java:118) [SimpleReloadableResourceManager.class:?]
	at net.minecraft.client.Minecraft.refreshResources(Minecraft.java:624) [Minecraft.class:?]
	at cpw.mods.fml.client.FMLClientHandler.finishMinecraftLoading(FMLClientHandler.java:283) [FMLClientHandler.class:?]
	at net.minecraft.client.Minecraft.startGame(Minecraft.java:583) [Minecraft.class:?]
	at net.minecraft.client.Minecraft.run(Minecraft.java:890) [Minecraft.class:?]
	at net.minecraft.client.main.Main.main(Main.java:112) [Main.class:?]
	at sun.reflect.NativeMethodAccessorImpl.invoke0(Native Method) ~[?:1.7.0_45]
	at sun.reflect.NativeMethodAccessorImpl.invoke(NativeMethodAccessorImpl.java:57) ~[?:1.7.0_45]
	at sun.reflect.DelegatingMethodAccessorImpl.invoke(DelegatingMethodAccessorImpl.java:43) ~[?:1.7.0_45]
	at java.lang.reflect.Method.invoke(Method.java:606) ~[?:1.7.0_45]
	at net.minecraft.launchwrapper.Launch.launch(Launch.java:134) [launchwrapper-1.9.jar:?]
	at net.minecraft.launchwrapper.Launch.main(Launch.java:28) [launchwrapper-1.9.jar:?]
	at sun.reflect.NativeMethodAccessorImpl.invoke0(Native Method) ~[?:1.7.0_45]
	at sun.reflect.NativeMethodAccessorImpl.invoke(NativeMethodAccessorImpl.java:57) ~[?:1.7.0_45]
	at sun.reflect.DelegatingMethodAccessorImpl.invoke(DelegatingMethodAccessorImpl.java:43) ~[?:1.7.0_45]
	at java.lang.reflect.Method.invoke(Method.java:606) ~[?:1.7.0_45]
	at com.intellij.rt.execution.application.AppMain.main(AppMain.java:120) [idea_rt.jar:?]
[21:48:01] [Client thread/ERROR]: Using missing texture, unable to load kina:textures/items/vibration_sword.png
java.io.FileNotFoundException: kina:textures/items/vibration_sword.png
	at net.minecraft.client.resources.FallbackResourceManager.getResource(FallbackResourceManager.java:65) ~[FallbackResourceManager.class:?]
	at net.minecraft.client.resources.SimpleReloadableResourceManager.getResource(SimpleReloadableResourceManager.java:67) ~[SimpleReloadableResourceManager.class:?]
	at net.minecraft.client.renderer.texture.TextureMap.loadTextureAtlas(TextureMap.java:126) [TextureMap.class:?]
	at net.minecraft.client.renderer.texture.TextureMap.loadTexture(TextureMap.java:91) [TextureMap.class:?]
	at net.minecraft.client.renderer.texture.TextureManager.loadTexture(TextureManager.java:89) [TextureManager.class:?]
	at net.minecraft.client.renderer.texture.TextureManager.onResourceManagerReload(TextureManager.java:170) [TextureManager.class:?]
	at net.minecraft.client.resources.SimpleReloadableResourceManager.notifyReloadListeners(SimpleReloadableResourceManager.java:134) [SimpleReloadableResourceManager.class:?]
	at net.minecraft.client.resources.SimpleReloadableResourceManager.reloadResources(SimpleReloadableResourceManager.java:118) [SimpleReloadableResourceManager.class:?]
	at net.minecraft.client.Minecraft.refreshResources(Minecraft.java:624) [Minecraft.class:?]
	at cpw.mods.fml.client.FMLClientHandler.finishMinecraftLoading(FMLClientHandler.java:283) [FMLClientHandler.class:?]
	at net.minecraft.client.Minecraft.startGame(Minecraft.java:583) [Minecraft.class:?]
	at net.minecraft.client.Minecraft.run(Minecraft.java:890) [Minecraft.class:?]
	at net.minecraft.client.main.Main.main(Main.java:112) [Main.class:?]
	at sun.reflect.NativeMethodAccessorImpl.invoke0(Native Method) ~[?:1.7.0_45]
	at sun.reflect.NativeMethodAccessorImpl.invoke(NativeMethodAccessorImpl.java:57) ~[?:1.7.0_45]
	at sun.reflect.DelegatingMethodAccessorImpl.invoke(DelegatingMethodAccessorImpl.java:43) ~[?:1.7.0_45]
	at java.lang.reflect.Method.invoke(Method.java:606) ~[?:1.7.0_45]
	at net.minecraft.launchwrapper.Launch.launch(Launch.java:134) [launchwrapper-1.9.jar:?]
	at net.minecraft.launchwrapper.Launch.main(Launch.java:28) [launchwrapper-1.9.jar:?]
	at sun.reflect.NativeMethodAccessorImpl.invoke0(Native Method) ~[?:1.7.0_45]
	at sun.reflect.NativeMethodAccessorImpl.invoke(NativeMethodAccessorImpl.java:57) ~[?:1.7.0_45]
	at sun.reflect.DelegatingMethodAccessorImpl.invoke(DelegatingMethodAccessorImpl.java:43) ~[?:1.7.0_45]
	at java.lang.reflect.Method.invoke(Method.java:606) ~[?:1.7.0_45]
	at com.intellij.rt.execution.application.AppMain.main(AppMain.java:120) [idea_rt.jar:?]
[21:48:01] [Client thread/ERROR]: Using missing texture, unable to load kina:textures/items/broken_sword.png
java.io.FileNotFoundException: kina:textures/items/broken_sword.png
	at net.minecraft.client.resources.FallbackResourceManager.getResource(FallbackResourceManager.java:65) ~[FallbackResourceManager.class:?]
	at net.minecraft.client.resources.SimpleReloadableResourceManager.getResource(SimpleReloadableResourceManager.java:67) ~[SimpleReloadableResourceManager.class:?]
	at net.minecraft.client.renderer.texture.TextureMap.loadTextureAtlas(TextureMap.java:126) [TextureMap.class:?]
	at net.minecraft.client.renderer.texture.TextureMap.loadTexture(TextureMap.java:91) [TextureMap.class:?]
	at net.minecraft.client.renderer.texture.TextureManager.loadTexture(TextureManager.java:89) [TextureManager.class:?]
	at net.minecraft.client.renderer.texture.TextureManager.onResourceManagerReload(TextureManager.java:170) [TextureManager.class:?]
	at net.minecraft.client.resources.SimpleReloadableResourceManager.notifyReloadListeners(SimpleReloadableResourceManager.java:134) [SimpleReloadableResourceManager.class:?]
	at net.minecraft.client.resources.SimpleReloadableResourceManager.reloadResources(SimpleReloadableResourceManager.java:118) [SimpleReloadableResourceManager.class:?]
	at net.minecraft.client.Minecraft.refreshResources(Minecraft.java:624) [Minecraft.class:?]
	at cpw.mods.fml.client.FMLClientHandler.finishMinecraftLoading(FMLClientHandler.java:283) [FMLClientHandler.class:?]
	at net.minecraft.client.Minecraft.startGame(Minecraft.java:583) [Minecraft.class:?]
	at net.minecraft.client.Minecraft.run(Minecraft.java:890) [Minecraft.class:?]
	at net.minecraft.client.main.Main.main(Main.java:112) [Main.class:?]
	at sun.reflect.NativeMethodAccessorImpl.invoke0(Native Method) ~[?:1.7.0_45]
	at sun.reflect.NativeMethodAccessorImpl.invoke(NativeMethodAccessorImpl.java:57) ~[?:1.7.0_45]
	at sun.reflect.DelegatingMethodAccessorImpl.invoke(DelegatingMethodAccessorImpl.java:43) ~[?:1.7.0_45]
	at java.lang.reflect.Method.invoke(Method.java:606) ~[?:1.7.0_45]
	at net.minecraft.launchwrapper.Launch.launch(Launch.java:134) [launchwrapper-1.9.jar:?]
	at net.minecraft.launchwrapper.Launch.main(Launch.java:28) [launchwrapper-1.9.jar:?]
	at sun.reflect.NativeMethodAccessorImpl.invoke0(Native Method) ~[?:1.7.0_45]
	at sun.reflect.NativeMethodAccessorImpl.invoke(NativeMethodAccessorImpl.java:57) ~[?:1.7.0_45]
	at sun.reflect.DelegatingMethodAccessorImpl.invoke(DelegatingMethodAccessorImpl.java:43) ~[?:1.7.0_45]
	at java.lang.reflect.Method.invoke(Method.java:606) ~[?:1.7.0_45]
	at com.intellij.rt.execution.application.AppMain.main(AppMain.java:120) [idea_rt.jar:?]
[21:48:01] [Client thread/INFO]: Created: 256x256 textures/items-atlas
[21:48:01] [Sound Library Loader/INFO]: Sound engine started
[21:48:01] [Client thread/INFO]: Created: 512x256 textures/blocks-atlas
[21:48:04] [Sound Library Loader/INFO]: Sound engine started
[21:48:05] [MCO Availability Checker #1/ERROR]: Couldn't connect to Realms
[21:48:16] [Client thread/INFO]: Connecting to localhost, 25565
[21:48:41] [Client thread/INFO]: Connecting to localhost, 25565
